<?xml version="1.0" encoding="UTF-8"?>
<testsuite name="EnginePartTest" tests="2" skipped="0" failures="0" errors="0" timestamp="2017-01-20T22:58:14" hostname="COMPOZED-NBT-15" time="0.0">
  <properties/>
  <testcase name="engineComponent" classname="EnginePartTest" time="0.0"/>
  <testcase name="coolingSystemComponent" classname="EnginePartTest" time="0.0"/>
  <system-out><![CDATA[]]></system-out>
  <system-err><![CDATA[]]></system-err>
</testsuite>
